2017-01-10T18:32:52+01:00 [n2n\core\err\ExceptionHandler] n2n\persistence\PdoException: SQLSTATE[HY000] [1049] Unknown database 'n2n7_test'
2017-01-10T18:33:47+01:00 [n2n\core\err\ExceptionHandler] n2n\persistence\PdoPreparedExecutionException: SQLSTATE[42S02]: Base table or view not found: 1146 Table 'exclusiv.page' doesn't exist
2017-01-10T18:34:40+01:00 [n2n\core\err\ExceptionHandler] n2n\persistence\PdoPreparedExecutionException: SQLSTATE[42S02]: Base table or view not found: 1146 Table 'exclusiv.page' doesn't exist
2017-01-10T18:34:48+01:00 [n2n\core\err\ExceptionHandler] n2n\persistence\PdoPreparedExecutionException: SQLSTATE[42S02]: Base table or view not found: 1146 Table 'exclusiv.page' doesn't exist
2017-01-10T18:56:22+01:00 [n2n\core\err\ExceptionHandler] n2n\core\err\NoticeError: Use of undefined constant N2n - assumed 'N2n' in D:\development\htdocs\phpstorm\exclusiv\app\exclusiv\view\product.html.php on line 6
2017-01-10T18:56:22+01:00 [n2n\core\err\ExceptionHandler] n2n\core\err\NoticeError: Use of undefined constant N2n - assumed 'N2n' in D:\development\htdocs\phpstorm\exclusiv\app\exclusiv\view\product.html.php on line 6
2017-01-10T19:21:08+01:00 [n2n\core\err\ExceptionHandler] rocket\spec\ei\component\InvalidEiComponentConfigurationException: EiField is invalid configured: OneToManySelectEiField [id: cpus, EiSpec [id: exclusiv-brand]]
2017-01-10T19:22:49+01:00 [n2n\core\err\ExceptionHandler] rocket\spec\ei\component\InvalidEiComponentConfigurationException: EiField is invalid configured: ManyToOneSelectEiField [id: cpuSocket, EiSpec [id: exclusiv-cpu]]
2017-01-10T19:23:34+01:00 [n2n\core\err\ExceptionHandler] rocket\spec\ei\component\InvalidEiComponentConfigurationException: StringEiField [id: name, EiSpec [id: exclusiv-cpu-socket]] invalid configured.
2017-01-10T19:27:40+01:00 [n2n\core\err\ExceptionHandler] rocket\spec\ei\component\InvalidEiComponentConfigurationException: EiField is invalid configured: ManyToOneSelectEiField [id: cpuSocket, EiSpec [id: exclusiv-motherboard]]
2017-01-10T19:28:36+01:00 [n2n\core\err\ExceptionHandler] rocket\spec\ei\component\InvalidEiComponentConfigurationException: StringEiField [id: name, EiSpec [id: exclusiv-motherboard]] invalid configured.
2017-01-10T19:28:59+01:00 [n2n\core\err\ExceptionHandler] rocket\spec\ei\component\InvalidEiComponentConfigurationException: ManyToOneSelectEiField [id: brand, EiSpec [id: exclusiv-motherboard]] invalid configured.
2017-01-10T19:35:05+01:00 [n2n\core\err\ExceptionHandler] rocket\spec\ei\component\UnknownEiComponentException: Default CommonEiMask of EiSpec [id: exclusiv-motherboard] provides no rocket\spec\ei\component\command\GenericOverviewEiCommand.
2017-01-10T19:36:31+01:00 [n2n\core\err\ExceptionHandler] rocket\spec\ei\component\UnknownEiComponentException: Default CommonEiMask of EiSpec [id: exclusiv-motherboard] provides no rocket\spec\ei\component\command\GenericOverviewEiCommand.
2017-01-10T19:36:32+01:00 [n2n\core\err\ExceptionHandler] rocket\spec\ei\component\UnknownEiComponentException: Default CommonEiMask of EiSpec [id: exclusiv-motherboard] provides no rocket\spec\ei\component\command\GenericOverviewEiCommand.
2017-01-10T19:38:41+01:00 [n2n\core\err\ExceptionHandler] rocket\spec\ei\component\UnknownEiComponentException: Default CommonEiMask of EiSpec [id: exclusiv-cpu] provides no rocket\spec\ei\component\command\GenericOverviewEiCommand.
2017-01-10T19:41:16+01:00 [n2n\core\err\ExceptionHandler] rocket\spec\ei\component\UnknownEiComponentException: Default CommonEiMask of EiSpec [id: exclusiv-gpu] provides no rocket\spec\ei\component\command\GenericOverviewEiCommand.
2017-01-10T19:43:50+01:00 [n2n\core\err\ExceptionHandler] n2n\util\config\source\CorruptedConfigSourceException: corrupted json file source: D:\development\htdocs\phpstorm\exclusiv\var\srv\rocket\layout.json
2017-01-10T19:43:58+01:00 [n2n\core\err\ExceptionHandler] rocket\spec\config\InvalidMenuConfigurationException: Failed to initialize MenuGroup: Marken
2017-01-10T19:44:42+01:00 [n2n\core\err\ExceptionHandler] rocket\spec\ei\component\UnknownEiComponentException: Default CommonEiMask of EiSpec [id: exclusiv-brand] provides no rocket\spec\ei\component\command\GenericOverviewEiCommand.
2017-01-10T19:45:22+01:00 [n2n\core\err\ExceptionHandler] rocket\spec\ei\component\UnknownEiComponentException: Default CommonEiMask of EiSpec [id: exclusiv-brand] provides no rocket\spec\ei\component\command\GenericOverviewEiCommand.
2017-01-10T19:48:57+01:00 [n2n\core\err\ExceptionHandler] rocket\spec\config\InvalidMenuConfigurationException: Failed to initialize MenuGroup: Sockel usw.
2017-01-10T19:49:34+01:00 [n2n\core\err\ExceptionHandler] n2n\util\config\source\CorruptedConfigSourceException: corrupted json file source: D:\development\htdocs\phpstorm\exclusiv\var\etc\exclusiv\rocket\specs.json
2017-01-10T19:49:53+01:00 [n2n\core\err\ExceptionHandler] InvalidArgumentException: Mappable can not adopt passed value.
2017-01-10T19:53:45+01:00 [n2n\core\err\ExceptionHandler] rocket\spec\ei\component\InvalidEiComponentConfigurationException: StringEiField [id: name, EiSpec [id: exclusiv-cpu-socket]] invalid configured.
2017-01-10T19:54:00+01:00 [n2n\core\err\ExceptionHandler] rocket\spec\ei\component\UnknownEiComponentException: Default CommonEiMask of EiSpec [id: exclusiv-cpu-socket] provides no rocket\spec\ei\component\command\GenericOverviewEiCommand.
2017-01-11T19:26:06+01:00 [n2n\core\err\ExceptionHandler] ParseError: syntax error, unexpected 'extends' (T_EXTENDS), expecting '{' in D:\htdocs\nikolai\phpstorm\exclusiv-new\app\exclusiv\bo\product\Motherboard.php on line 14
2017-01-11T19:28:35+01:00 [n2n\core\err\ExceptionHandler] ParseError: syntax error, unexpected 'extends' (T_EXTENDS), expecting '{' in D:\htdocs\nikolai\phpstorm\exclusiv-new\app\exclusiv\bo\product\Motherboard.php on line 14
2017-01-11T19:31:07+01:00 [n2n\core\err\ExceptionHandler] Error: Call to undefined method exclusiv\bo\product\Motherboard::getClass() in D:\htdocs\nikolai\phpstorm\exclusiv-new\app\exclusiv\bo\product\ram\RAMType.php on line 12
2017-01-11T19:32:27+01:00 [n2n\core\err\ExceptionHandler] n2n\core\err\FatalError: Access level to exclusiv\bo\product\cpu\CPU::$id must be protected (as in class exclusiv\bo\product\ProductAdapter) or weaker in D:\htdocs\nikolai\phpstorm\exclusiv-new\app\exclusiv\bo\product\cpu\CPU.php on line 74
2017-01-11T19:33:25+01:00 [n2n\core\err\ExceptionHandler] n2n\persistence\orm\OrmConfigurationException: Invalid entity registered: exclusiv\bo\product\ram\RAM
2017-01-11T19:33:56+01:00 [n2n\core\err\ExceptionHandler] n2n\core\TypeLoaderErrorException: Type 'exclusiv\bo\product\AnnoManagedFile' not found. Paths:D:\htdocs\nikolai\phpstorm\exclusiv-new\app\exclusiv\bo\product\AnnoManagedFile.php;D:\htdocs\nikolai\phpstorm\exclusiv-new\lib\exclusiv\bo\product\AnnoManagedFile.php;D:\htdocs\nikolai\phpstorm\exclusiv-new\public\exclusiv\bo\product\AnnoManagedFile.php;D:\services\xampp-7.0.1\php\PEAR\exclusiv\bo\product\AnnoManagedFile.php in D:\htdocs\nikolai\phpstorm\exclusiv-new\app\exclusiv\bo\product\ProductAdapter.php on line 9
2017-01-11T19:34:05+01:00 [n2n\core\err\ExceptionHandler] n2n\core\TypeLoaderErrorException: Type 'exclusiv\bo\product\Brand' not found. Paths:D:\htdocs\nikolai\phpstorm\exclusiv-new\app\exclusiv\bo\product\Brand.php;D:\htdocs\nikolai\phpstorm\exclusiv-new\lib\exclusiv\bo\product\Brand.php;D:\htdocs\nikolai\phpstorm\exclusiv-new\public\exclusiv\bo\product\Brand.php;D:\services\xampp-7.0.1\php\PEAR\exclusiv\bo\product\Brand.php in D:\htdocs\nikolai\phpstorm\exclusiv-new\app\exclusiv\bo\product\ProductAdapter.php on line 12
2017-01-11T19:34:11+01:00 [n2n\core\err\ExceptionHandler] n2n\persistence\orm\OrmConfigurationException: Invalid entity registered: exclusiv\bo\product\ram\RAM
2017-01-11T19:34:33+01:00 [n2n\core\err\ExceptionHandler] Error: Call to undefined method exclusiv\bo\product\cpu\CPU::getClass() in D:\htdocs\nikolai\phpstorm\exclusiv-new\app\exclusiv\bo\Brand.php on line 14
2017-01-11T19:34:47+01:00 [n2n\core\err\ExceptionHandler] n2n\core\TypeLoaderErrorException: Type 'exclusiv\bo\product\ObjectAdapter' not found. Paths:D:\htdocs\nikolai\phpstorm\exclusiv-new\app\exclusiv\bo\product\ObjectAdapter.php;D:\htdocs\nikolai\phpstorm\exclusiv-new\lib\exclusiv\bo\product\ObjectAdapter.php;D:\htdocs\nikolai\phpstorm\exclusiv-new\public\exclusiv\bo\product\ObjectAdapter.php;D:\services\xampp-7.0.1\php\PEAR\exclusiv\bo\product\ObjectAdapter.php in D:\htdocs\nikolai\phpstorm\exclusiv-new\app\exclusiv\bo\product\ProductAdapter.php on line 11
2017-01-11T19:34:53+01:00 [n2n\core\err\ExceptionHandler] rocket\spec\ei\component\InvalidEiComponentConfigurationException: EiField is invalid configured: ManyToOneSelectEiField [id: ramType, EiSpec [id: exclusiv-ram]]
2017-01-11T19:36:59+01:00 [n2n\core\err\ExceptionHandler] InvalidArgumentException: Mappable can not adopt passed value.
2017-01-11T19:41:55+01:00 [n2n\core\err\ExceptionHandler] n2n\persistence\orm\OrmConfigurationException: Invalid entity registered: exclusiv\bo\product\ProductAdapter
